Gaze backend running on http://localhost:4000
SyntaxError: Expected property name or '}' in JSON at position 1 (line 1 column 2)
    at JSON.parse (<anonymous>)
    at parse (/workspace/gaze/backend/node_modules/body-parser/lib/types/json.js:77:19)
    at /workspace/gaze/backend/node_modules/body-parser/lib/read.js:123:18
    at AsyncResource.runInAsyncScope (node:async_hooks:214:14)
    at invokeCallback (/workspace/gaze/backend/node_modules/raw-body/index.js:238:16)
    at done (/workspace/gaze/backend/node_modules/raw-body/index.js:227:7)
    at IncomingMessage.onEnd (/workspace/gaze/backend/node_modules/raw-body/index.js:287:7)
    at IncomingMessage.emit (node:events:518:28)
    at endReadableNT (node:internal/streams/readable:1698:12)
    at process.processTicksAndRejections (node:internal/process/task_queues:90:21)
SyntaxError: Expected property name or '}' in JSON at position 1 (line 1 column 2)
    at JSON.parse (<anonymous>)
    at parse (/workspace/gaze/backend/node_modules/body-parser/lib/types/json.js:77:19)
    at /workspace/gaze/backend/node_modules/body-parser/lib/read.js:123:18
    at AsyncResource.runInAsyncScope (node:async_hooks:214:14)
    at invokeCallback (/workspace/gaze/backend/node_modules/raw-body/index.js:238:16)
    at done (/workspace/gaze/backend/node_modules/raw-body/index.js:227:7)
    at IncomingMessage.onEnd (/workspace/gaze/backend/node_modules/raw-body/index.js:287:7)
    at IncomingMessage.emit (node:events:518:28)
    at endReadableNT (node:internal/streams/readable:1698:12)
    at process.processTicksAndRejections (node:internal/process/task_queues:90:21)
SyntaxError: Expected property name or '}' in JSON at position 1 (line 1 column 2)
    at JSON.parse (<anonymous>)
    at parse (/workspace/gaze/backend/node_modules/body-parser/lib/types/json.js:77:19)
    at /workspace/gaze/backend/node_modules/body-parser/lib/read.js:123:18
    at AsyncResource.runInAsyncScope (node:async_hooks:214:14)
    at invokeCallback (/workspace/gaze/backend/node_modules/raw-body/index.js:238:16)
    at done (/workspace/gaze/backend/node_modules/raw-body/index.js:227:7)
    at IncomingMessage.onEnd (/workspace/gaze/backend/node_modules/raw-body/index.js:287:7)
    at IncomingMessage.emit (node:events:518:28)
    at endReadableNT (node:internal/streams/readable:1698:12)
    at process.processTicksAndRejections (node:internal/process/task_queues:90:21)
